<?xml version="1.0" encoding="UTF-8"?>
<testsuite xmlns:xsi="http://www.w3.org/2001/XMLSchema-instance" xsi:noNamespaceSchemaLocation="https://maven.apache.org/surefire/maven-surefire-plugin/xsd/surefire-test-report.xsd" name="cn.baron.MyTest" time="0.061" tests="4" errors="0" skipped="0" failures="0">
  <properties>
    <property name="sun.desktop" value="windows"/>
    <property name="awt.toolkit" value="sun.awt.windows.WToolkit"/>
    <property name="file.encoding.pkg" value="sun.io"/>
    <property name="java.specification.version" value="1.8"/>
    <property name="sun.cpu.isalist" value="amd64"/>
    <property name="sun.jnu.encoding" value="GBK"/>
    <property name="java.class.path" value="D:\MAVEN\springBoot-family\springboot-api\target\test-classes;D:\MAVEN\springBoot-family\springboot-api\target\classes;D:\MAVEN\repository\org\projectlombok\lombok\1.18.4\lombok-1.18.4.jar;D:\MAVEN\repository\org\joda\joda-money\1.0.1\joda-money-1.0.1.jar;D:\MAVEN\repository\org\springframework\boot\spring-boot-starter-jdbc\2.3.1.RELEASE\spring-boot-starter-jdbc-2.3.1.RELEASE.jar;D:\MAVEN\repository\org\springframework\boot\spring-boot-starter\2.1.2.RELEASE\spring-boot-starter-2.1.2.RELEASE.jar;D:\MAVEN\repository\org\springframework\boot\spring-boot\2.1.2.RELEASE\spring-boot-2.1.2.RELEASE.jar;D:\MAVEN\repository\org\springframework\boot\spring-boot-autoconfigure\2.1.2.RELEASE\spring-boot-autoconfigure-2.1.2.RELEASE.jar;D:\MAVEN\repository\org\springframework\boot\spring-boot-starter-logging\2.1.2.RELEASE\spring-boot-starter-logging-2.1.2.RELEASE.jar;D:\MAVEN\repository\ch\qos\logback\logback-classic\1.2.3\logback-classic-1.2.3.jar;D:\MAVEN\repository\ch\qos\logback\logback-core\1.2.3\logback-core-1.2.3.jar;D:\MAVEN\repository\org\apache\logging\log4j\log4j-to-slf4j\2.11.1\log4j-to-slf4j-2.11.1.jar;D:\MAVEN\repository\org\apache\logging\log4j\log4j-api\2.11.1\log4j-api-2.11.1.jar;D:\MAVEN\repository\org\slf4j\jul-to-slf4j\1.7.25\jul-to-slf4j-1.7.25.jar;D:\MAVEN\repository\javax\annotation\javax.annotation-api\1.3.2\javax.annotation-api-1.3.2.jar;D:\MAVEN\repository\org\yaml\snakeyaml\1.23\snakeyaml-1.23.jar;D:\MAVEN\repository\com\zaxxer\HikariCP\3.2.0\HikariCP-3.2.0.jar;D:\MAVEN\repository\org\slf4j\slf4j-api\1.7.25\slf4j-api-1.7.25.jar;D:\MAVEN\repository\org\springframework\spring-jdbc\5.1.4.RELEASE\spring-jdbc-5.1.4.RELEASE.jar;D:\MAVEN\repository\org\springframework\spring-beans\5.1.4.RELEASE\spring-beans-5.1.4.RELEASE.jar;D:\MAVEN\repository\org\springframework\spring-tx\5.1.4.RELEASE\spring-tx-5.1.4.RELEASE.jar;D:\MAVEN\repository\mysql\mysql-connector-java\5.1.23\mysql-connector-java-5.1.23.jar;D:\MAVEN\repository\org\mybatis\spring\boot\mybatis-spring-boot-starter\1.3.2\mybatis-spring-boot-starter-1.3.2.jar;D:\MAVEN\repository\org\mybatis\spring\boot\mybatis-spring-boot-autoconfigure\1.3.2\mybatis-spring-boot-autoconfigure-1.3.2.jar;D:\MAVEN\repository\org\mybatis\mybatis\3.4.6\mybatis-3.4.6.jar;D:\MAVEN\repository\org\mybatis\mybatis-spring\1.3.2\mybatis-spring-1.3.2.jar;D:\MAVEN\repository\org\springframework\boot\spring-boot-starter-cache\2.1.2.RELEASE\spring-boot-starter-cache-2.1.2.RELEASE.jar;D:\MAVEN\repository\org\springframework\spring-context-support\5.1.4.RELEASE\spring-context-support-5.1.4.RELEASE.jar;D:\MAVEN\repository\org\springframework\spring-context\5.1.4.RELEASE\spring-context-5.1.4.RELEASE.jar;D:\MAVEN\repository\org\springframework\spring-aop\5.1.4.RELEASE\spring-aop-5.1.4.RELEASE.jar;D:\MAVEN\repository\org\springframework\spring-expression\5.1.4.RELEASE\spring-expression-5.1.4.RELEASE.jar;D:\MAVEN\repository\com\github\pagehelper\pagehelper-spring-boot-starter\1.2.5\pagehelper-spring-boot-starter-1.2.5.jar;D:\MAVEN\repository\com\github\pagehelper\pagehelper-spring-boot-autoconfigure\1.2.5\pagehelper-spring-boot-autoconfigure-1.2.5.jar;D:\MAVEN\repository\com\github\pagehelper\pagehelper\5.1.4\pagehelper-5.1.4.jar;D:\MAVEN\repository\com\github\jsqlparser\jsqlparser\1.0\jsqlparser-1.0.jar;D:\MAVEN\repository\org\springframework\boot\spring-boot-starter-test\2.1.2.RELEASE\spring-boot-starter-test-2.1.2.RELEASE.jar;D:\MAVEN\repository\org\springframework\boot\spring-boot-test\2.1.2.RELEASE\spring-boot-test-2.1.2.RELEASE.jar;D:\MAVEN\repository\org\springframework\boot\spring-boot-test-autoconfigure\2.1.2.RELEASE\spring-boot-test-autoconfigure-2.1.2.RELEASE.jar;D:\MAVEN\repository\com\jayway\jsonpath\json-path\2.4.0\json-path-2.4.0.jar;D:\MAVEN\repository\net\minidev\json-smart\2.3\json-smart-2.3.jar;D:\MAVEN\repository\net\minidev\accessors-smart\1.2\accessors-smart-1.2.jar;D:\MAVEN\repository\org\ow2\asm\asm\5.0.4\asm-5.0.4.jar;D:\MAVEN\repository\junit\junit\4.12\junit-4.12.jar;D:\MAVEN\repository\org\assertj\assertj-core\3.11.1\assertj-core-3.11.1.jar;D:\MAVEN\repository\org\mockito\mockito-core\2.23.4\mockito-core-2.23.4.jar;D:\MAVEN\repository\net\bytebuddy\byte-buddy\1.9.7\byte-buddy-1.9.7.jar;D:\MAVEN\repository\net\bytebuddy\byte-buddy-agent\1.9.7\byte-buddy-agent-1.9.7.jar;D:\MAVEN\repository\org\objenesis\objenesis\2.6\objenesis-2.6.jar;D:\MAVEN\repository\org\hamcrest\hamcrest-core\1.3\hamcrest-core-1.3.jar;D:\MAVEN\repository\org\hamcrest\hamcrest-library\1.3\hamcrest-library-1.3.jar;D:\MAVEN\repository\org\skyscreamer\jsonassert\1.5.0\jsonassert-1.5.0.jar;D:\MAVEN\repository\com\vaadin\external\google\android-json\0.0.20131108.vaadin1\android-json-0.0.20131108.vaadin1.jar;D:\MAVEN\repository\org\springframework\spring-core\5.1.4.RELEASE\spring-core-5.1.4.RELEASE.jar;D:\MAVEN\repository\org\springframework\spring-jcl\5.1.4.RELEASE\spring-jcl-5.1.4.RELEASE.jar;D:\MAVEN\repository\org\springframework\spring-test\5.1.4.RELEASE\spring-test-5.1.4.RELEASE.jar;D:\MAVEN\repository\org\xmlunit\xmlunit-core\2.6.2\xmlunit-core-2.6.2.jar;"/>
    <property name="java.vm.vendor" value="Oracle Corporation"/>
    <property name="sun.arch.data.model" value="64"/>
    <property name="user.variant" value=""/>
    <property name="java.vendor.url" value="http://java.oracle.com/"/>
    <property name="user.timezone" value="Asia/Shanghai"/>
    <property name="java.vm.specification.version" value="1.8"/>
    <property name="os.name" value="Windows 10"/>
    <property name="user.country" value="CN"/>
    <property name="sun.java.launcher" value="SUN_STANDARD"/>
    <property name="sun.boot.library.path" value="D:\JDK\1.8\jre\bin"/>
    <property name="sun.java.command" value="C:\Users\71484\AppData\Local\Temp\surefire6696689466767869160\surefirebooter6168691199254211419.jar C:\Users\71484\AppData\Local\Temp\surefire6696689466767869160 2020-08-25T01-50-00_396-jvmRun1 surefire1405492334170925448tmp surefire_04839173859675182322tmp"/>
    <property name="surefire.test.class.path" value="D:\MAVEN\springBoot-family\springboot-api\target\test-classes;D:\MAVEN\springBoot-family\springboot-api\target\classes;D:\MAVEN\repository\org\projectlombok\lombok\1.18.4\lombok-1.18.4.jar;D:\MAVEN\repository\org\joda\joda-money\1.0.1\joda-money-1.0.1.jar;D:\MAVEN\repository\org\springframework\boot\spring-boot-starter-jdbc\2.3.1.RELEASE\spring-boot-starter-jdbc-2.3.1.RELEASE.jar;D:\MAVEN\repository\org\springframework\boot\spring-boot-starter\2.1.2.RELEASE\spring-boot-starter-2.1.2.RELEASE.jar;D:\MAVEN\repository\org\springframework\boot\spring-boot\2.1.2.RELEASE\spring-boot-2.1.2.RELEASE.jar;D:\MAVEN\repository\org\springframework\boot\spring-boot-autoconfigure\2.1.2.RELEASE\spring-boot-autoconfigure-2.1.2.RELEASE.jar;D:\MAVEN\repository\org\springframework\boot\spring-boot-starter-logging\2.1.2.RELEASE\spring-boot-starter-logging-2.1.2.RELEASE.jar;D:\MAVEN\repository\ch\qos\logback\logback-classic\1.2.3\logback-classic-1.2.3.jar;D:\MAVEN\repository\ch\qos\logback\logback-core\1.2.3\logback-core-1.2.3.jar;D:\MAVEN\repository\org\apache\logging\log4j\log4j-to-slf4j\2.11.1\log4j-to-slf4j-2.11.1.jar;D:\MAVEN\repository\org\apache\logging\log4j\log4j-api\2.11.1\log4j-api-2.11.1.jar;D:\MAVEN\repository\org\slf4j\jul-to-slf4j\1.7.25\jul-to-slf4j-1.7.25.jar;D:\MAVEN\repository\javax\annotation\javax.annotation-api\1.3.2\javax.annotation-api-1.3.2.jar;D:\MAVEN\repository\org\yaml\snakeyaml\1.23\snakeyaml-1.23.jar;D:\MAVEN\repository\com\zaxxer\HikariCP\3.2.0\HikariCP-3.2.0.jar;D:\MAVEN\repository\org\slf4j\slf4j-api\1.7.25\slf4j-api-1.7.25.jar;D:\MAVEN\repository\org\springframework\spring-jdbc\5.1.4.RELEASE\spring-jdbc-5.1.4.RELEASE.jar;D:\MAVEN\repository\org\springframework\spring-beans\5.1.4.RELEASE\spring-beans-5.1.4.RELEASE.jar;D:\MAVEN\repository\org\springframework\spring-tx\5.1.4.RELEASE\spring-tx-5.1.4.RELEASE.jar;D:\MAVEN\repository\mysql\mysql-connector-java\5.1.23\mysql-connector-java-5.1.23.jar;D:\MAVEN\repository\org\mybatis\spring\boot\mybatis-spring-boot-starter\1.3.2\mybatis-spring-boot-starter-1.3.2.jar;D:\MAVEN\repository\org\mybatis\spring\boot\mybatis-spring-boot-autoconfigure\1.3.2\mybatis-spring-boot-autoconfigure-1.3.2.jar;D:\MAVEN\repository\org\mybatis\mybatis\3.4.6\mybatis-3.4.6.jar;D:\MAVEN\repository\org\mybatis\mybatis-spring\1.3.2\mybatis-spring-1.3.2.jar;D:\MAVEN\repository\org\springframework\boot\spring-boot-starter-cache\2.1.2.RELEASE\spring-boot-starter-cache-2.1.2.RELEASE.jar;D:\MAVEN\repository\org\springframework\spring-context-support\5.1.4.RELEASE\spring-context-support-5.1.4.RELEASE.jar;D:\MAVEN\repository\org\springframework\spring-context\5.1.4.RELEASE\spring-context-5.1.4.RELEASE.jar;D:\MAVEN\repository\org\springframework\spring-aop\5.1.4.RELEASE\spring-aop-5.1.4.RELEASE.jar;D:\MAVEN\repository\org\springframework\spring-expression\5.1.4.RELEASE\spring-expression-5.1.4.RELEASE.jar;D:\MAVEN\repository\com\github\pagehelper\pagehelper-spring-boot-starter\1.2.5\pagehelper-spring-boot-starter-1.2.5.jar;D:\MAVEN\repository\com\github\pagehelper\pagehelper-spring-boot-autoconfigure\1.2.5\pagehelper-spring-boot-autoconfigure-1.2.5.jar;D:\MAVEN\repository\com\github\pagehelper\pagehelper\5.1.4\pagehelper-5.1.4.jar;D:\MAVEN\repository\com\github\jsqlparser\jsqlparser\1.0\jsqlparser-1.0.jar;D:\MAVEN\repository\org\springframework\boot\spring-boot-starter-test\2.1.2.RELEASE\spring-boot-starter-test-2.1.2.RELEASE.jar;D:\MAVEN\repository\org\springframework\boot\spring-boot-test\2.1.2.RELEASE\spring-boot-test-2.1.2.RELEASE.jar;D:\MAVEN\repository\org\springframework\boot\spring-boot-test-autoconfigure\2.1.2.RELEASE\spring-boot-test-autoconfigure-2.1.2.RELEASE.jar;D:\MAVEN\repository\com\jayway\jsonpath\json-path\2.4.0\json-path-2.4.0.jar;D:\MAVEN\repository\net\minidev\json-smart\2.3\json-smart-2.3.jar;D:\MAVEN\repository\net\minidev\accessors-smart\1.2\accessors-smart-1.2.jar;D:\MAVEN\repository\org\ow2\asm\asm\5.0.4\asm-5.0.4.jar;D:\MAVEN\repository\junit\junit\4.12\junit-4.12.jar;D:\MAVEN\repository\org\assertj\assertj-core\3.11.1\assertj-core-3.11.1.jar;D:\MAVEN\repository\org\mockito\mockito-core\2.23.4\mockito-core-2.23.4.jar;D:\MAVEN\repository\net\bytebuddy\byte-buddy\1.9.7\byte-buddy-1.9.7.jar;D:\MAVEN\repository\net\bytebuddy\byte-buddy-agent\1.9.7\byte-buddy-agent-1.9.7.jar;D:\MAVEN\repository\org\objenesis\objenesis\2.6\objenesis-2.6.jar;D:\MAVEN\repository\org\hamcrest\hamcrest-core\1.3\hamcrest-core-1.3.jar;D:\MAVEN\repository\org\hamcrest\hamcrest-library\1.3\hamcrest-library-1.3.jar;D:\MAVEN\repository\org\skyscreamer\jsonassert\1.5.0\jsonassert-1.5.0.jar;D:\MAVEN\repository\com\vaadin\external\google\android-json\0.0.20131108.vaadin1\android-json-0.0.20131108.vaadin1.jar;D:\MAVEN\repository\org\springframework\spring-core\5.1.4.RELEASE\spring-core-5.1.4.RELEASE.jar;D:\MAVEN\repository\org\springframework\spring-jcl\5.1.4.RELEASE\spring-jcl-5.1.4.RELEASE.jar;D:\MAVEN\repository\org\springframework\spring-test\5.1.4.RELEASE\spring-test-5.1.4.RELEASE.jar;D:\MAVEN\repository\org\xmlunit\xmlunit-core\2.6.2\xmlunit-core-2.6.2.jar;"/>
    <property name="sun.cpu.endian" value="little"/>
    <property name="user.home" value="C:\Users\71484"/>
    <property name="user.language" value="zh"/>
    <property name="java.specification.vendor" value="Oracle Corporation"/>
    <property name="java.home" value="D:\JDK\1.8\jre"/>
    <property name="basedir" value="D:\MAVEN\springBoot-family\springboot-api"/>
    <property name="file.separator" value="\"/>
    <property name="line.separator" value="&#10;"/>
    <property name="java.vm.specification.vendor" value="Oracle Corporation"/>
    <property name="java.specification.name" value="Java Platform API Specification"/>
    <property name="java.awt.graphicsenv" value="sun.awt.Win32GraphicsEnvironment"/>
    <property name="surefire.real.class.path" value="C:\Users\71484\AppData\Local\Temp\surefire6696689466767869160\surefirebooter6168691199254211419.jar"/>
    <property name="sun.boot.class.path" value="D:\JDK\1.8\jre\lib\resources.jar;D:\JDK\1.8\jre\lib\rt.jar;D:\JDK\1.8\jre\lib\sunrsasign.jar;D:\JDK\1.8\jre\lib\jsse.jar;D:\JDK\1.8\jre\lib\jce.jar;D:\JDK\1.8\jre\lib\charsets.jar;D:\JDK\1.8\jre\lib\jfr.jar;D:\JDK\1.8\jre\classes"/>
    <property name="user.script" value=""/>
    <property name="sun.management.compiler" value="HotSpot 64-Bit Tiered Compilers"/>
    <property name="java.runtime.version" value="1.8.0_131-b11"/>
    <property name="user.name" value="dell"/>
    <property name="path.separator" value=";"/>
    <property name="os.version" value="10.0"/>
    <property name="java.endorsed.dirs" value="D:\JDK\1.8\jre\lib\endorsed"/>
    <property name="java.runtime.name" value="Java(TM) SE Runtime Environment"/>
    <property name="file.encoding" value="GBK"/>
    <property name="java.vm.name" value="Java HotSpot(TM) 64-Bit Server VM"/>
    <property name="localRepository" value="D:\MAVEN\repository"/>
    <property name="java.vendor.url.bug" value="http://bugreport.sun.com/bugreport/"/>
    <property name="java.io.tmpdir" value="C:\Users\71484\AppData\Local\Temp\"/>
    <property name="idea.version" value="2020.2"/>
    <property name="java.version" value="1.8.0_131"/>
    <property name="user.dir" value="D:\MAVEN\springBoot-family\springboot-api"/>
    <property name="os.arch" value="amd64"/>
    <property name="java.vm.specification.name" value="Java Virtual Machine Specification"/>
    <property name="java.awt.printerjob" value="sun.awt.windows.WPrinterJob"/>
    <property name="sun.os.patch.level" value=""/>
    <property name="java.library.path" value="D:\JDK\1.8\jre\bin;C:\WINDOWS\Sun\Java\bin;C:\WINDOWS\system32;C:\WINDOWS;C:\ProgramData\Oracle\Java\javapath;C:\Program Files (x86)\Intel\Intel(R) Management Engine Components\iCLS\;C:\Program Files\Intel\Intel(R) Management Engine Components\iCLS\;C:\Windows\system32;C:\Windows;C:\Windows\System32\Wbem;C:\Windows\System32\WindowsPowerShell\v1.0\;C:\Program Files (x86)\Intel\Intel(R) Management Engine Components\DAL;C:\Program Files\Intel\Intel(R) Management Engine Components\DAL;C:\Program Files (x86)\Intel\Intel(R) Management Engine Components\IPT;C:\Program Files\Intel\Intel(R) Management Engine Components\IPT;C:\Program Files (x86)\NVIDIA Corporation\PhysX\Common;C:\Program Files\Java\jdk1.7.0_80\bin;C:\Program Files\Java\jdk1.7.0_80\jre\bin;D:\MAVEN\apache-maven-3.5.2\bin;C:\WINDOWS\system32;C:\WINDOWS;C:\WINDOWS\System32\Wbem;C:\WINDOWS\System32\WindowsPowerShell\v1.0\;C:\WINDOWS\System32\OpenSSH\;D:\应用程序\TortoiseSVN\bin;D:\;用程序\SlinkSVN\bin;D:;JDK\1.8\bin;D:\MAVEN\apache-maven-3.6.3\bin;C:\Program Files\Git\cmd;D:\应用程序\JetBrains\PyCharm Community Edition 2020.1.3;C:\Users\71484\AppData\Local\Programs\Python\Python38\Scripts\;C:\Users\71484\AppData\Local\Programs\Python\Python38\;C:\Users\71484\AppData\Local\Microsoft\WindowsApps;;D:\应用程序\IntelliJ IDEA Community Edition 2020.1.2\bin;;D:\应用程序\Docker Toolbox;;D:;应用程序\Docker Toolbox;;D:\应用程序\DataGrip 2020.1.5\bin;;D:\应用程序\JetBrains\IntelliJ IDEA 2020.1.2\bin;;D:\应用程序\JetBrains\PyCharm Community Edition 2020.1.3\bin;;."/>
    <property name="java.vm.info" value="mixed mode"/>
    <property name="java.vendor" value="Oracle Corporation"/>
    <property name="java.vm.version" value="25.131-b11"/>
    <property name="java.ext.dirs" value="D:\JDK\1.8\jre\lib\ext;C:\WINDOWS\Sun\Java\lib\ext"/>
    <property name="sun.io.unicode.encoding" value="UnicodeLittle"/>
    <property name="java.class.version" value="52.0"/>
  </properties>
  <testcase name="findBoyfriend" classname="cn.baron.MyTest" time="0.002"/>
  <testcase name="myTest" classname="cn.baron.MyTest" time="0"/>
  <testcase name="testForeachRemoveOrAdd" classname="cn.baron.MyTest" time="0"/>
  <testcase name="compare" classname="cn.baron.MyTest" time="0"/>
</testsuite>